<?xml version="1.0" encoding="UTF-8"?>
<!-- Generated by org.testng.reporters.JUnitXMLReporter -->
<testsuite ignored="0" hostname="DESKTOP-VGAEEUP" failures="1" tests="1" name="ActiTestTest" time="0.827" errors="0" timestamp="2023-10-05T12:05:19 IST">
  <testcase classname="com.parameter.Parameter" name="actiTimeTest" time="0.0">
    <failure type="org.testng.TestNGException" message="
Parameter &amp;apos;password&amp;apos; is required by @Test on method actiTimeTest but has not been marked @Optional or defined
in E:\New folder\selenium1\AdvanceSelenium\testng.xml">
      <![CDATA[org.testng.TestNGException: 
Parameter 'password' is required by @Test on method actiTimeTest but has not been marked @Optional or defined
in E:\New folder\selenium1\AdvanceSelenium\testng.xml
at java.base/java.util.ArrayList.forEach(ArrayList.java:1511)
... Removed 26 stack frames]]>
    </failure>
  </testcase> <!-- actiTimeTest -->
</testsuite> <!-- ActiTestTest -->
